{
  "RSpec": {
    "coverage": {
      "/home/JessicaDior/tic-tac-toe-rb-online-web-sp-000/lib/tic_tac_toe.rb": [
        null,
        1,
        null,
        null,
        null,
        null,
        null,
        null,
        null,
        null,
        null,
        1,
        19,
        19,
        19,
        19,
        19,
        null,
        null,
        1,
        18,
        null,
        null,
        1,
        18,
        null,
        null,
        null,
        1,
        210,
        151,
        null,
        59,
        null,
        null,
        null,
        1,
        18,
        15,
        null,
        null,
        null,
        1,
        15,
        15,
        15,
        15,
        14,
        14,
        null,
        1,
        null,
        null,
        null,
        1,
        2,
        2,
        18,
        5,
        null,
        2,
        null,
        null,
        null,
        1,
        1,
        null,
        null,
        1,
        92,
        null,
        434,
        434,
        434,
        null,
        434,
        434,
        434,
        null,
        434,
        56,
        null,
        null,
        36,
        null,
        null,
        1,
        188,
        28,
        null,
        10,
        null,
        null,
        null,
        1,
        23,
        7,
        16,
        9,
        7,
        7,
        null,
        null,
        null,
        1,
        16,
        10,
        null,
        6,
        null,
        null,
        null,
        1,
        14,
        13,
        null,
        null,
        null,
        null,
        1,
        12,
        12,
        null,
        12,
        6,
        6,
        null,
        6,
        6,
        null,
        null
      ]
    },
    "timestamp": 1597695319
  }
}
