{
  "RSpec": {
    "coverage": {
      "/home/JessicaDior/tic-tac-toe-rb-online-web-sp-000/lib/tic_tac_toe.rb": [
        null,
        1,
        null,
        null,
        null,
        null,
        null,
        null,
        null,
        null,
        null,
        1,
        5,
        5,
        5,
        5,
        5,
        null,
        null,
        1,
        12,
        null,
        null,
        1,
        3,
        null,
        null,
        1,
        112,
        67,
        null,
        45,
        null,
        null,
        null,
        1,
        12,
        9,
        null,
        null,
        null,
        1,
        9,
        9,
        9,
        9,
        8,
        null,
        1,
        null,
        null,
        null,
        1,
        2,
        2,
        18,
        5,
        null,
        2,
        null,
        null,
        null,
        1,
        1,
        null,
        null,
        1,
        61,
        null,
        284,
        284,
        284,
        null,
        284,
        284,
        284,
        null,
        284,
        42,
        null,
        null,
        19,
        null,
        null,
        1,
        139,
        14,
        null,
        10,
        null,
        null,
        null,
        1,
        17,
        7,
        10,
        4,
        6,
        6,
        null,
        null,
        null,
        1,
        11,
        8,
        null,
        3,
        null,
        null,
        null,
        1,
        10,
        9,
        null,
        null,
        null,
        null,
        1,
        12,
        6,
        null,
        6,
        4,
        4,
        null,
        2,
        2,
        null,
        null
      ]
    },
    "timestamp": 1597636488
  }
}
